TN:
SF:src/Registry.sol
DA:25,7
FN:25,Registry.registerAsProject
FNDA:7,Registry.registerAsProject
DA:26,0
BRDA:26,0,0,-
DA:27,0
BRDA:27,1,0,-
BRDA:27,1,1,-
DA:28,0
BRDA:28,2,0,-
BRDA:28,2,1,-
DA:31,7
DA:32,7
DA:33,7
DA:35,7
DA:38,7
FN:38,Registry.createTask
FNDA:7,Registry.createTask
DA:42,7
DA:44,6
DA:46,6
BRDA:46,3,0,-
BRDA:46,3,1,6
DA:51,0
BRDA:51,4,0,-
BRDA:51,4,1,6
DA:55,6
BRDA:55,5,0,-
DA:56,0
DA:62,6
DA:65,2
FN:65,Registry.removeTask
FNDA:2,Registry.removeTask
DA:66,2
DA:67,1
DA:70,8
FN:70,Registry.createSubmission
FNDA:8,Registry.createSubmission
DA:74,8
DA:76,8
BRDA:76,6,0,-
BRDA:76,6,1,8
DA:77,8
BRDA:77,7,0,4
BRDA:77,7,1,4
DA:84,4
DA:87,2
FN:87,Registry.acceptSubmission
FNDA:2,Registry.acceptSubmission
DA:92,2
DA:93,2
DA:94,2
BRDA:94,8,0,1
BRDA:94,8,1,1
DA:95,1
DA:98,2
FN:98,Registry.rejectSubmission
FNDA:2,Registry.rejectSubmission
DA:103,2
DA:104,1
DA:107,1
FN:107,Registry.changeTaskPayRate
FNDA:1,Registry.changeTaskPayRate
DA:108,1
DA:109,1
DA:114,12
FN:114,Registry._adminCheck
FNDA:12,Registry._adminCheck
DA:115,12
DA:117,12
BRDA:117,9,0,3
BRDA:117,9,1,9
FNF:8
FNH:8
LF:38
LH:33
BRF:18
BRH:9
end_of_record
TN:
SF:src/TaskManager.sol
DA:26,6
FN:26,TaskManager._createTask
FNDA:6,TaskManager._createTask
DA:30,6
DA:31,6
DA:32,6
DA:34,6
DA:37,1
FN:37,TaskManager._removeTask
FNDA:1,TaskManager._removeTask
DA:38,1
DA:39,1
BRDA:39,0,0,-
BRDA:39,0,1,1
DA:40,1
DA:42,1
DA:45,4
FN:45,TaskManager._createSubmission
FNDA:4,TaskManager._createSubmission
DA:49,4
DA:50,4
BRDA:50,1,0,-
BRDA:50,1,1,4
DA:56,4
DA:57,4
DA:59,4
DA:62,1
FN:62,TaskManager._acceptSubmission
FNDA:1,TaskManager._acceptSubmission
DA:63,1
DA:66,1
DA:68,1
BRDA:68,2,0,-
DA:69,0
DA:72,1
DA:74,1
DA:76,1
DA:79,1
FN:79,TaskManager._rejectSubmission
FNDA:1,TaskManager._rejectSubmission
DA:80,1
DA:83,1
DA:85,1
DA:88,1
FN:88,TaskManager._changeTaskPayRate
FNDA:1,TaskManager._changeTaskPayRate
DA:89,1
DA:90,1
DA:92,1
DA:95,2
FN:95,TaskManager.getTask
FNDA:2,TaskManager.getTask
DA:98,2
DA:101,0
FN:101,TaskManager.getSubmission
FNDA:0,TaskManager.getSubmission
DA:104,0
FNF:8
FNH:7
LF:36
LH:33
BRF:5
BRH:2
end_of_record
TN:
SF:test/Mocks/USDC.sol
DA:10,0
FN:10,USDC.decimals
FNDA:0,USDC.decimals
DA:11,0
DA:14,0
FN:14,USDC.mint
FNDA:0,USDC.mint
DA:15,0
FNF:2
FNH:0
LF:4
LH:0
BRF:0
BRH:0
end_of_record
